<?xml version="1.0" encoding="UTF-8"?>
<!-- Generated by org.testng.reporters.JUnitReportReporter -->
<testsuite hostname="DESKTOP-J13P4A7" name="com.SchoolOfDragons.LiveLoginChecks.TestCase3" tests="1" failures="0" timestamp="7 May 2016 10:00:17 GMT" time="48.877" errors="0">
  <testcase name="ValidNonAuthorisedParentLogin" time="48.877" classname="com.SchoolOfDragons.LiveLoginChecks.TestCase3"/>
</testsuite> <!-- com.SchoolOfDragons.LiveLoginChecks.TestCase3 -->
