<?xml version="1.0" encoding="UTF-8"?>
<!-- Generated by org.testng.reporters.JUnitReportReporter -->
<testsuite hostname="DESKTOP-J13P4A7" name="com.SchoolOfDragons.LiveLoginChecks.TestCase4" tests="1" failures="0" timestamp="7 May 2016 10:00:17 GMT" time="51.183" errors="0">
  <testcase name="ValidNonAuthorisedPlayerLogin" time="51.183" classname="com.SchoolOfDragons.LiveLoginChecks.TestCase4"/>
</testsuite> <!-- com.SchoolOfDragons.LiveLoginChecks.TestCase4 -->
