<?xml version="1.0" encoding="UTF-8"?>
<!-- Generated by org.testng.reporters.JUnitReportReporter -->
<testsuite hostname="KAI-DT136" name="com.SchoolOfDragons.LiveLoginChecks.TestCase4" tests="1" failures="0" timestamp="11 May 2016 13:00:04 GMT" time="46.603" errors="0">
  <testcase name="ValidNonAuthorisedPlayerLogin" time="46.603" classname="com.SchoolOfDragons.LiveLoginChecks.TestCase4"/>
</testsuite> <!-- com.SchoolOfDragons.LiveLoginChecks.TestCase4 -->
