<?xml version="1.0" encoding="UTF-8"?>
<!-- Generated by org.testng.reporters.JUnitReportReporter -->
<testsuite hostname="DESKTOP-J13P4A7" name="com.SchoolOfDragons.LiveLoginChecks.TestCase2" tests="1" failures="0" timestamp="7 May 2016 09:30:22 GMT" time="43.244" errors="0">
  <testcase name="ValidAuthorisedParentLogin" time="43.244" classname="com.SchoolOfDragons.LiveLoginChecks.TestCase2"/>
</testsuite> <!-- com.SchoolOfDragons.LiveLoginChecks.TestCase2 -->
