<?xml version="1.0" encoding="UTF-8"?>
<!-- Generated by org.testng.reporters.JUnitReportReporter -->
<testsuite hostname="DESKTOP-J13P4A7" name="com.SchoolOfDragons.LiveLoginChecks.TestCase1" tests="1" failures="0" timestamp="7 May 2016 09:30:22 GMT" time="48.319" errors="0">
  <testcase name="ValidAuthorisedPlayerLogin" time="48.319" classname="com.SchoolOfDragons.LiveLoginChecks.TestCase1"/>
</testsuite> <!-- com.SchoolOfDragons.LiveLoginChecks.TestCase1 -->
