<?xml version="1.0" encoding="UTF-8"?>
<!-- Generated by org.testng.reporters.JUnitReportReporter -->
<testsuite hostname="DESKTOP-J13P4A7" name="com.SchoolOfDragons.LiveLoginChecks.TestCase2" tests="1" failures="0" timestamp="7 May 2016 10:00:17 GMT" time="46.927" errors="0">
  <testcase name="ValidAuthorisedParentLogin" time="46.927" classname="com.SchoolOfDragons.LiveLoginChecks.TestCase2"/>
</testsuite> <!-- com.SchoolOfDragons.LiveLoginChecks.TestCase2 -->
