<?xml version="1.0" encoding="UTF-8"?>
<!-- Generated by org.testng.reporters.JUnitReportReporter -->
<testsuite hostname="KAI-DT136" name="com.SchoolOfDragons.LiveLoginChecks.TestCase1" tests="1" failures="0" timestamp="11 May 2016 13:00:04 GMT" time="44.743" errors="0">
  <testcase name="ValidAuthorisedPlayerLogin" time="44.743" classname="com.SchoolOfDragons.LiveLoginChecks.TestCase1"/>
</testsuite> <!-- com.SchoolOfDragons.LiveLoginChecks.TestCase1 -->
